

Processing ApplicationController#index (for 127.0.0.1 at 2011-03-26 16:23:19) [GET]
  Session ID: 5f94be898a22e9e3f33bb94febb57bd4
  Parameters: {}


ActionController::RoutingError (No route matches "/user/1" with {:method=>:get}):
    c:/stephen/ruby/lib/ruby/gems/1.8/gems/actionpack-2.0.2/lib/action_controller/routing.rb:1441:in `recognize_path'
    c:/stephen/ruby/lib/ruby/gems/1.8/gems/actionpack-2.0.2/lib/action_controller/routing.rb:1424:in `recognize'
    c:/stephen/ruby/lib/ruby/gems/1.8/gems/actionpack-2.0.2/lib/action_controller/dispatcher.rb:170:in `handle_request'
    c:/stephen/ruby/lib/ruby/gems/1.8/gems/actionpack-2.0.2/lib/action_controller/dispatcher.rb:115:in `dispatch'
    c:/stephen/ruby/lib/ruby/gems/1.8/gems/actionpack-2.0.2/lib/action_controller/dispatcher.rb:126:in `dispatch_cgi'
    c:/stephen/ruby/lib/ruby/gems/1.8/gems/actionpack-2.0.2/lib/action_controller/dispatcher.rb:9:in `dispatch'
    c:/stephen/ruby/lib/ruby/gems/1.8/gems/rails-2.0.2/lib/webrick_server.rb:112:in `handle_dispatch'
    c:/stephen/ruby/lib/ruby/gems/1.8/gems/rails-2.0.2/lib/webrick_server.rb:78:in `service'
    c:/stephen/ruby/lib/ruby/1.8/webrick/httpserver.rb:104:in `service'
    c:/stephen/ruby/lib/ruby/1.8/webrick/httpserver.rb:65:in `run'
    c:/stephen/ruby/lib/ruby/1.8/webrick/server.rb:173:in `start_thread'
    c:/stephen/ruby/lib/ruby/1.8/webrick/server.rb:162:in `start'
    c:/stephen/ruby/lib/ruby/1.8/webrick/server.rb:162:in `start_thread'
    c:/stephen/ruby/lib/ruby/1.8/webrick/server.rb:95:in `start'
    c:/stephen/ruby/lib/ruby/1.8/webrick/server.rb:92:in `each'
    c:/stephen/ruby/lib/ruby/1.8/webrick/server.rb:92:in `start'
    c:/stephen/ruby/lib/ruby/1.8/webrick/server.rb:23:in `start'
    c:/stephen/ruby/lib/ruby/1.8/webrick/server.rb:82:in `start'
    c:/stephen/ruby/lib/ruby/gems/1.8/gems/rails-2.0.2/lib/webrick_server.rb:62:in `dispatch'
    c:/stephen/ruby/lib/ruby/gems/1.8/gems/rails-2.0.2/lib/commands/servers/webrick.rb:66
    c:/stephen/ruby/lib/ruby/site_ruby/1.8/rubygems/custom_require.rb:31:in `gem_original_require'
    c:/stephen/ruby/lib/ruby/site_ruby/1.8/rubygems/custom_require.rb:31:in `require'
    c:/stephen/ruby/lib/ruby/gems/1.8/gems/activesupport-2.0.2/lib/active_support/dependencies.rb:496:in `require'
    c:/stephen/ruby/lib/ruby/gems/1.8/gems/activesupport-2.0.2/lib/active_support/dependencies.rb:342:in `new_constants_in'
    c:/stephen/ruby/lib/ruby/gems/1.8/gems/activesupport-2.0.2/lib/active_support/dependencies.rb:496:in `require'
    c:/stephen/ruby/lib/ruby/gems/1.8/gems/rails-2.0.2/lib/commands/server.rb:39
    c:/stephen/ruby/lib/ruby/site_ruby/1.8/rubygems/custom_require.rb:31:in `gem_original_require'
    c:/stephen/ruby/lib/ruby/site_ruby/1.8/rubygems/custom_require.rb:31:in `require'
    script/server:3

Rendering c:/stephen/ruby/lib/ruby/gems/1.8/gems/actionpack-2.0.2/lib/action_controller/templates/rescues/layout.erb (not_found)


Processing UsersController#show (for 127.0.0.1 at 2011-03-26 16:23:36) [GET]
  Session ID: BAh7BiIKZmxhc2hJQzonQWN0aW9uQ29udHJvbGxlcjo6Rmxhc2g6OkZsYXNo%0ASGFzaHsABjoKQHVzZWR7AA%3D%3D--40d986a417f6e47f427d8943cb7f9be8940270e2
  Parameters: {"action"=>"show", "id"=>"1", "controller"=>"users"}


Processing UsersController#show (for 127.0.0.1 at 2011-03-26 16:23:36) [GET]
  Session ID: BAh7BiIKZmxhc2hJQzonQWN0aW9uQ29udHJvbGxlcjo6Rmxhc2g6OkZsYXNo%0ASGFzaHsABjoKQHVzZWR7AA%3D%3D--40d986a417f6e47f427d8943cb7f9be8940270e2
  Parameters: {"action"=>"show", "id"=>"1", "controller"=>"users"}


MissingSourceFile (no such file to load -- sqlite3):
    c:/stephen/ruby/lib/ruby/site_ruby/1.8/rubygems/custom_require.rb:31:in `gem_original_require'
    c:/stephen/ruby/lib/ruby/site_ruby/1.8/rubygems/custom_require.rb:31:in `require'
    c:/stephen/ruby/lib/ruby/gems/1.8/gems/activesupport-2.0.2/lib/active_support/dependencies.rb:496:in `require'
    c:/stephen/ruby/lib/ruby/gems/1.8/gems/activesupport-2.0.2/lib/active_support/dependencies.rb:342:in `new_constants_in'
    c:/stephen/ruby/lib/ruby/gems/1.8/gems/activesupport-2.0.2/lib/active_support/dependencies.rb:496:in `require'
    c:/stephen/ruby/lib/ruby/gems/1.8/gems/activesupport-2.0.2/lib/active_support/core_ext/kernel/requires.rb:7:in `require_library_or_gem'
    c:/stephen/ruby/lib/ruby/gems/1.8/gems/activesupport-2.0.2/lib/active_support/core_ext/kernel/reporting.rb:11:in `silence_warnings'
    c:/stephen/ruby/lib/ruby/gems/1.8/gems/activesupport-2.0.2/lib/active_support/core_ext/kernel/requires.rb:5:in `require_library_or_gem'
    c:/stephen/ruby/lib/ruby/gems/1.8/gems/activerecord-2.0.2/lib/active_record/connection_adapters/sqlite3_adapter.rb:10:in `sqlite3_connection'
    c:/stephen/ruby/lib/ruby/gems/1.8/gems/activerecord-2.0.2/lib/active_record/connection_adapters/abstract/connection_specification.rb:291:in `send'
    c:/stephen/ruby/lib/ruby/gems/1.8/gems/activerecord-2.0.2/lib/active_record/connection_adapters/abstract/connection_specification.rb:291:in `connection='
    c:/stephen/ruby/lib/ruby/gems/1.8/gems/activerecord-2.0.2/lib/active_record/connection_adapters/abstract/connection_specification.rb:259:in `retrieve_connection'
    c:/stephen/ruby/lib/ruby/gems/1.8/gems/activerecord-2.0.2/lib/active_record/connection_adapters/abstract/connection_specification.rb:78:in `connection'
    c:/stephen/ruby/lib/ruby/gems/1.8/gems/activerecord-2.0.2/lib/active_record/query_cache.rb:8:in `cache'
    c:/stephen/ruby/lib/ruby/gems/1.8/gems/actionpack-2.0.2/lib/action_controller/caching.rb:677:in `perform_action'
    c:/stephen/ruby/lib/ruby/gems/1.8/gems/actionpack-2.0.2/lib/action_controller/base.rb:524:in `send'
    c:/stephen/ruby/lib/ruby/gems/1.8/gems/actionpack-2.0.2/lib/action_controller/base.rb:524:in `process_without_filters'
    c:/stephen/ruby/lib/ruby/gems/1.8/gems/actionpack-2.0.2/lib/action_controller/filters.rb:685:in `process_without_session_management_support'
    c:/stephen/ruby/lib/ruby/gems/1.8/gems/actionpack-2.0.2/lib/action_controller/session_management.rb:123:in `process'
    c:/stephen/ruby/lib/ruby/gems/1.8/gems/actionpack-2.0.2/lib/action_controller/base.rb:388:in `process'
    c:/stephen/ruby/lib/ruby/gems/1.8/gems/actionpack-2.0.2/lib/action_controller/dispatcher.rb:171:in `handle_request'
    c:/stephen/ruby/lib/ruby/gems/1.8/gems/actionpack-2.0.2/lib/action_controller/dispatcher.rb:115:in `dispatch'
    c:/stephen/ruby/lib/ruby/gems/1.8/gems/actionpack-2.0.2/lib/action_controller/dispatcher.rb:126:in `dispatch_cgi'
    c:/stephen/ruby/lib/ruby/gems/1.8/gems/actionpack-2.0.2/lib/action_controller/dispatcher.rb:9:in `dispatch'
    c:/stephen/ruby/lib/ruby/gems/1.8/gems/rails-2.0.2/lib/webrick_server.rb:112:in `handle_dispatch'
    c:/stephen/ruby/lib/ruby/gems/1.8/gems/rails-2.0.2/lib/webrick_server.rb:78:in `service'
    c:/stephen/ruby/lib/ruby/1.8/webrick/httpserver.rb:104:in `service'
    c:/stephen/ruby/lib/ruby/1.8/webrick/httpserver.rb:65:in `run'
    c:/stephen/ruby/lib/ruby/1.8/webrick/server.rb:173:in `start_thread'
    c:/stephen/ruby/lib/ruby/1.8/webrick/server.rb:162:in `start'
    c:/stephen/ruby/lib/ruby/1.8/webrick/server.rb:162:in `start_thread'
    c:/stephen/ruby/lib/ruby/1.8/webrick/server.rb:95:in `start'
    c:/stephen/ruby/lib/ruby/1.8/webrick/server.rb:92:in `each'
    c:/stephen/ruby/lib/ruby/1.8/webrick/server.rb:92:in `start'
    c:/stephen/ruby/lib/ruby/1.8/webrick/server.rb:23:in `start'
    c:/stephen/ruby/lib/ruby/1.8/webrick/server.rb:82:in `start'
    c:/stephen/ruby/lib/ruby/gems/1.8/gems/rails-2.0.2/lib/webrick_server.rb:62:in `dispatch'
    c:/stephen/ruby/lib/ruby/gems/1.8/gems/rails-2.0.2/lib/commands/servers/webrick.rb:66
    c:/stephen/ruby/lib/ruby/site_ruby/1.8/rubygems/custom_require.rb:31:in `gem_original_require'
    c:/stephen/ruby/lib/ruby/site_ruby/1.8/rubygems/custom_require.rb:31:in `require'
    c:/stephen/ruby/lib/ruby/gems/1.8/gems/activesupport-2.0.2/lib/active_support/dependencies.rb:496:in `require'
    c:/stephen/ruby/lib/ruby/gems/1.8/gems/activesupport-2.0.2/lib/active_support/dependencies.rb:342:in `new_constants_in'
    c:/stephen/ruby/lib/ruby/gems/1.8/gems/activesupport-2.0.2/lib/active_support/dependencies.rb:496:in `require'
    c:/stephen/ruby/lib/ruby/gems/1.8/gems/rails-2.0.2/lib/commands/server.rb:39
    c:/stephen/ruby/lib/ruby/site_ruby/1.8/rubygems/custom_require.rb:31:in `gem_original_require'
    c:/stephen/ruby/lib/ruby/site_ruby/1.8/rubygems/custom_require.rb:31:in `require'
    script/server:3

Rendering c:/stephen/ruby/lib/ruby/gems/1.8/gems/actionpack-2.0.2/lib/action_controller/templates/rescues/layout.erb (internal_server_error)
WARNING: You're using the Ruby-based MySQL library that ships with Rails. This library is not suited for production. Please install the C-based MySQL library instead (gem install mysql).
WARNING: You're using the Ruby-based MySQL library that ships with Rails. This library is not suited for production. Please install the C-based MySQL library instead (gem install mysql).
  [4;36;1mSQL (0.127000)[0m   [0;1mSET NAMES 'utf8'[0m
  [4;35;1mSQL (0.001000)[0m   [0mSET SQL_AUTO_IS_NULL=0[0m
  [4;36;1mSQL (0.111000)[0m   [0;1mCREATE TABLE `schema_info` (version int(11))[0m
  [4;35;1mSQL (0.017000)[0m   [0mINSERT INTO `schema_info` (version) VALUES(0)[0m
  [4;36;1mSQL (0.000000)[0m   [0;1mMysql::Error: #42S01Table 'schema_info' already exists: CREATE TABLE `schema_info` (version int(11))[0m
  [4;35;1mSQL (0.120000)[0m   [0mSELECT version FROM schema_info[0m
Migrating to CreateUsers (1)
  [4;36;1mSQL (0.944000)[0m   [0;1mCREATE TABLE `users` (`id` int(11) DEFAULT NULL auto_increment PRIMARY KEY, `name` varchar(255) DEFAULT NULL, `created_at` datetime DEFAULT NULL, `updated_at` datetime DEFAULT NULL) ENGINE=InnoDB[0m
  [4;35;1mSQL (0.003000)[0m   [0mUPDATE schema_info SET version = 1[0m
  [4;36;1mSQL (0.001000)[0m   [0;1mSELECT * FROM schema_info[0m
  [4;35;1mSQL (0.069000)[0m   [0mSHOW TABLES[0m
  [4;36;1mSQL (0.005000)[0m   [0;1mSHOW FIELDS FROM `users`[0m
  [4;35;1mSQL (0.044000)[0m   [0mdescribe `users`[0m
  [4;36;1mSQL (0.002000)[0m   [0;1mSHOW KEYS FROM `users`[0m
WARNING: You're using the Ruby-based MySQL library that ships with Rails. This library is not suited for production. Please install the C-based MySQL library instead (gem install mysql).
  [4;36;1mSQL (0.000000)[0m   [0;1mSET NAMES 'utf8'[0m
  [4;35;1mSQL (0.000000)[0m   [0mSET SQL_AUTO_IS_NULL=0[0m
WARNING: You're using the Ruby-based MySQL library that ships with Rails. This library is not suited for production. Please install the C-based MySQL library instead (gem install mysql).
  [4;36;1mSQL (0.000000)[0m   [0;1mSET NAMES 'utf8'[0m
  [4;35;1mSQL (0.001000)[0m   [0mSET SQL_AUTO_IS_NULL=0[0m


Processing UsersController#show (for 127.0.0.1 at 2011-03-27 14:16:29) [GET]
  Session ID: d15816b2364e05e63ebd61d3e1a0c2b3
  Parameters: {"action"=>"show", "id"=>"1", "controller"=>"users"}
WARNING: You're using the Ruby-based MySQL library that ships with Rails. This library is not suited for production. Please install the C-based MySQL library instead (gem install mysql).
  [4;36;1mSQL (0.000000)[0m   [0;1mSET NAMES 'utf8'[0m
  [4;35;1mSQL (0.000000)[0m   [0mSET SQL_AUTO_IS_NULL=0[0m
  [4;36;1mUser Columns (0.005000)[0m   [0;1mSHOW FIELDS FROM `users`[0m
  [4;35;1mUser Load (0.053000)[0m   [0mSELECT * FROM `users` WHERE (`users`.`id` = 1) [0m
Rendering template within layouts/users
Rendering users/show
Completed in 0.08600 (11 reqs/sec) | Rendering: 0.01300 (15%) | DB: 0.05800 (67%) | 200 OK [http://localhost/users/1]


Processing UsersController#edit (for 127.0.0.1 at 2011-03-27 14:16:37) [GET]
  Session ID: BAh7BiIKZmxhc2hJQzonQWN0aW9uQ29udHJvbGxlcjo6Rmxhc2g6OkZsYXNo%0ASGFzaHsABjoKQHVzZWR7AA%3D%3D--40d986a417f6e47f427d8943cb7f9be8940270e2
  Parameters: {"action"=>"edit", "id"=>"1", "controller"=>"users"}
  [4;36;1mUser Columns (0.005000)[0m   [0;1mSHOW FIELDS FROM `users`[0m
  [4;35;1mUser Load (0.002000)[0m   [0mSELECT * FROM `users` WHERE (`users`.`id` = 1) [0m
Rendering template within layouts/users
Rendering users/edit
Completed in 0.03400 (29 reqs/sec) | Rendering: 0.01000 (29%) | DB: 0.00700 (20%) | 200 OK [http://localhost/users/1/edit]


Processing UsersController#update (for 127.0.0.1 at 2011-03-27 14:16:43) [PUT]
  Session ID: BAh7BzoMY3NyZl9pZCIlZWFiYzI5MWFiZjJiNzQxOGZkNWU5YTQ1Yjg2NWQ1%0AYmEiCmZsYXNoSUM6J0FjdGlvbkNvbnRyb2xsZXI6OkZsYXNoOjpGbGFzaEhh%0Ac2h7AAY6CkB1c2VkewA%3D--1668c7a9ea89e6431756011df7a822d5473da514
  Parameters: {"user"=>{"name"=>"jareth kirk"}, "commit"=>"Update", "authenticity_token"=>"c96814fb11b0acf6093d3763a136ccc928f038ec", "_method"=>"put", "action"=>"update", "id"=>"1", "controller"=>"users"}
  [4;36;1mUser Columns (0.007000)[0m   [0;1mSHOW FIELDS FROM `users`[0m
  [4;35;1mUser Load (0.001000)[0m   [0mSELECT * FROM `users` WHERE (`users`.`id` = 1) [0m
  [4;36;1mSQL (0.000000)[0m   [0;1mBEGIN[0m
  [4;35;1mUser Update (0.123000)[0m   [0mUPDATE `users` SET `created_at` = '2011-03-27 14:13:35', `updated_at` = '2011-03-27 14:16:43', `name` = 'jareth kirk' WHERE `id` = 1[0m
  [4;36;1mSQL (0.227000)[0m   [0;1mCOMMIT[0m
Redirected to http://localhost:3000/users/1
Completed in 0.37900 (2 reqs/sec) | DB: 0.35800 (94%) | 302 Found [http://localhost/users/1]


Processing UsersController#show (for 127.0.0.1 at 2011-03-27 14:16:44) [GET]
  Session ID: BAh7BzoMY3NyZl9pZCIlZWFiYzI5MWFiZjJiNzQxOGZkNWU5YTQ1Yjg2NWQ1%0AYmEiCmZsYXNoSUM6J0FjdGlvbkNvbnRyb2xsZXI6OkZsYXNoOjpGbGFzaEhh%0Ac2h7BjoLbm90aWNlIiNVc2VyIHdhcyBzdWNjZXNzZnVsbHkgdXBkYXRlZC4G%0AOgpAdXNlZHsGOwdU--ce2b4214d0f6c3f7e856a0e084a2be8d94ec4470
  Parameters: {"action"=>"show", "id"=>"1", "controller"=>"users"}
  [4;35;1mUser Columns (0.006000)[0m   [0mSHOW FIELDS FROM `users`[0m
  [4;36;1mUser Load (0.001000)[0m   [0;1mSELECT * FROM `users` WHERE (`users`.`id` = 1) [0m
Rendering template within layouts/users
Rendering users/show
Completed in 0.02800 (35 reqs/sec) | Rendering: 0.00700 (25%) | DB: 0.00700 (24%) | 200 OK [http://localhost/users/1]
